
The following have been reloaded with a version change:
  1) TeachEnv/2018a => TeachEnv/2022a

[teach07.scinet.local:21161] MCW rank 0 is not bound (or bound to all available processors)
[teach07.scinet.local:21162] MCW rank 1 is not bound (or bound to all available processors)
[teach08.scinet.local:06614] MCW rank 2 is not bound (or bound to all available processors)
[teach08.scinet.local:06615] MCW rank 3 is not bound (or bound to all available processors)
[teach09.scinet.local:01529] MCW rank 4 is not bound (or bound to all available processors)
[teach09.scinet.local:01530] MCW rank 5 is not bound (or bound to all available processors)
0.00 seconds to generate the sneaky graph.
0.00 seconds to generate the sneaky graph.
0.00 seconds to generate the sneaky graph.
0.00 seconds to generate the sneaky graph.
0.00 seconds to generate the sneaky graph.
0.00 seconds to generate the sneaky graph.
23931 iterations achieved in 10.00 seconds
PageRank of vertex 0: 0.002541
PageRank of vertex 100: 0.001726
PageRank of vertex 200: 0.001494
PageRank of vertex 300: 0.001302
PageRank of vertex 400: 0.001127
PageRank of vertex 500: 0.000962
PageRank of vertex 600: 0.000800
PageRank of vertex 700: 0.000641
PageRank of vertex 800: 0.000483
PageRank of vertex 900: 0.000322
Sum of all pageranks = 1.000000000000, total diff = 1.168591825342, max diff = 0.624703182089 and min diff = 0.000000000000.
Total time taken: 10.0038 seconds.
