---*-----*------*------*--------*-----*--------
Using local diff calculation and atomic diff total
Run #1
This program has two graph generators: generate_nice_graph and generate_sneaky_graph. If you intend to submit, your code will be timed on the sneaky graph, remember to try both.
Generate a graph for the challenge (i.e.: a sneaky graph :P )
0.00 seconds to generate the graph.
13962 iterations achieved in 10.00 seconds
PageRank of vertex 0: 0.002541
PageRank of vertex 100: 0.001726
PageRank of vertex 200: 0.001494
PageRank of vertex 300: 0.001302
PageRank of vertex 400: 0.001127
PageRank of vertex 500: 0.000962
PageRank of vertex 600: 0.000800
PageRank of vertex 700: 0.000641
PageRank of vertex 800: 0.000483
PageRank of vertex 900: 0.000322
Sum of all pageranks = 1.000000000000, total diff = 1.168591825342, max diff = 0.624703182089 and min diff = 0.000000000000.
Total time taken: 10.0002 seconds.
Completed run #1
---------------------------------
Run #2
This program has two graph generators: generate_nice_graph and generate_sneaky_graph. If you intend to submit, your code will be timed on the sneaky graph, remember to try both.
Generate a graph for the challenge (i.e.: a sneaky graph :P )
0.00 seconds to generate the graph.
13250 iterations achieved in 10.00 seconds
PageRank of vertex 0: 0.002541
PageRank of vertex 100: 0.001726
PageRank of vertex 200: 0.001494
PageRank of vertex 300: 0.001302
PageRank of vertex 400: 0.001127
PageRank of vertex 500: 0.000962
PageRank of vertex 600: 0.000800
PageRank of vertex 700: 0.000641
PageRank of vertex 800: 0.000483
PageRank of vertex 900: 0.000322
Sum of all pageranks = 1.000000000000, total diff = 1.168591825342, max diff = 0.624703182089 and min diff = 0.000000000000.
Total time taken: 10.0002 seconds.
Completed run #2
---------------------------------
Run #3
This program has two graph generators: generate_nice_graph and generate_sneaky_graph. If you intend to submit, your code will be timed on the sneaky graph, remember to try both.
Generate a graph for the challenge (i.e.: a sneaky graph :P )
0.00 seconds to generate the graph.
14289 iterations achieved in 10.00 seconds
PageRank of vertex 0: 0.002541
PageRank of vertex 100: 0.001726
PageRank of vertex 200: 0.001494
PageRank of vertex 300: 0.001302
PageRank of vertex 400: 0.001127
PageRank of vertex 500: 0.000962
PageRank of vertex 600: 0.000800
PageRank of vertex 700: 0.000641
PageRank of vertex 800: 0.000483
PageRank of vertex 900: 0.000322
Sum of all pageranks = 1.000000000000, total diff = 1.168591825342, max diff = 0.624703182089 and min diff = 0.000000000000.
Total time taken: 9.9999 seconds.
Completed run #3
---------------------------------
Run #4
This program has two graph generators: generate_nice_graph and generate_sneaky_graph. If you intend to submit, your code will be timed on the sneaky graph, remember to try both.
Generate a graph for the challenge (i.e.: a sneaky graph :P )
0.00 seconds to generate the graph.
14169 iterations achieved in 10.00 seconds
PageRank of vertex 0: 0.002541
PageRank of vertex 100: 0.001726
PageRank of vertex 200: 0.001494
PageRank of vertex 300: 0.001302
PageRank of vertex 400: 0.001127
PageRank of vertex 500: 0.000962
PageRank of vertex 600: 0.000800
PageRank of vertex 700: 0.000641
PageRank of vertex 800: 0.000483
PageRank of vertex 900: 0.000322
Sum of all pageranks = 1.000000000000, total diff = 1.168591825342, max diff = 0.624703182089 and min diff = 0.000000000000.
Total time taken: 10.0002 seconds.
Completed run #4
---------------------------------
Run #5
This program has two graph generators: generate_nice_graph and generate_sneaky_graph. If you intend to submit, your code will be timed on the sneaky graph, remember to try both.
Generate a graph for the challenge (i.e.: a sneaky graph :P )
0.00 seconds to generate the graph.
15030 iterations achieved in 10.00 seconds
PageRank of vertex 0: 0.002541
PageRank of vertex 100: 0.001726
PageRank of vertex 200: 0.001494
PageRank of vertex 300: 0.001302
PageRank of vertex 400: 0.001127
PageRank of vertex 500: 0.000962
PageRank of vertex 600: 0.000800
PageRank of vertex 700: 0.000641
PageRank of vertex 800: 0.000483
PageRank of vertex 900: 0.000322
Sum of all pageranks = 1.000000000000, total diff = 1.168591825342, max diff = 0.624703182089 and min diff = 0.000000000000.
Total time taken: 10.0004 seconds.
Completed run #5
---------------------------------
